[    0.000000] Iitiazi cgrp bsys puet
[  0.0000] Initializing cgroup subsycp
[    00000 Iniiazing cgrop susycpacct[   0.00] Liuxerion 4..027-genri(bilddlc1-md6423(gcc vsion5.0 0106 (buntu 5.4.0-6ubnt~1.04.9) 53-Ubuntu P at Ma190:5846TC201 (untu 4.4.01215-gnec .4.18)[   0.000] Cma lin BT_IMAG=/otvmliuz.40-27enric oo=LEL=couimrootfs ro console=tty1 console=ttyS0
[    0.000000] KERNEL supported cpus:
[    0.000000]   Intel GenuieItel[   0.0000]  AD AuencAMD
[  .0000] CenauCetaurHau
   00000 x86/fpu: xstat_ose[2]:57 xstatsis[2]  6
[  .000] 6/fpu: Supporting XSAVEeare 0x01:'x foatig in regiser
   00000x8/fpu: Supotig XSVEeaure 0x2:SS regisrs
[   0.0000] x86fp Sppoti XAVE fetu 004: AVreiste'[    00000x8/fu: Enbl xtate features 0x7, context size is 832 byesusng 'stndd'foat
    .000] x8fp Usin 'zy FPU coex swichs.
[   .0000] 82: BI-proviedhyical RAMma
[    0000] OS820:me0x000000000000-0x000000000009fbff] usable
[    0.000000] BIOS-e820: [mem 0x00000009fc0-000000000ff] reseve
[    .0000]IOS-20[mem0x000000000-0x0000000fff rsered[    0.00000] IO-e0:[mem0x000000100000-0000003ffff usale[    0.000] BIOSe8: [memx0000003fff00-0000003fffff] APIat
[    0.0000] IO-e8: em 0x00000ec000-0000000fe0ff] rerd
[  0000000 BS-820: [me 0000000ee0000x00000fe0ff] rseve
[    0.000000] BIOS-e820: [mem 0x00000000fffc0000-0x00000000ffffffff] reserved
[   0.0000NXExecut Dabe) pottin: aiv
[    00000 SMBOS 5 reset.
[   .0000]ypersodetete KM
[    0.000000] e820: last_pfn = 0x3fff0 max_arch_pfn = 0x400000000
[    0.000000] MTRR: Disabled
[   .00000x8PAT: RRdisale sippi PAT initializatn oo.   0.00000]CPMTRR a bank  vrtlizesyem.[  0.000 x86ATConfigraon[0-]:WBWT UC- UC  WWB  T C-UC  
[  .00000fond SMP Mtable at [em0x09fff0-0x09ff] pp at [ff0000ff0]
  0.0000Scanng areas for low memory corruption
[    .000] RAMDISK: [mem 0x36400-0x751f]
[    0000] ACI:ary ab checksum eriction disbl
   .0000] ACPIRSDP0x000000E000 000024 (v02 VBOX  )
[    0.000000] APIXSDT 0000003F00 0003(v1 VX VBOXXST 0000ASL  000006
    0.000000]AC: AC 0000000FF0F 0000F(v VBO  OXFACP000011 ASL  0000)
[  00000 API: DST 0x00003FFF47001FF 02BOX VBBIOS00002 IN 20052
   0.000] CPI:FA 00000003FF020 0004
[  0.000000] ACPI:FACS 0x00000003FF02000040
[    0.000000] ACPI:PI0x00000003F020 00005C v0 VX   VXAC 00000ASL  0000)
[    0.0000 ACPI: SD0x00000003FFF00 00CC (v01 VBOX   VBCP 00000 ITL 21028
  0.0000]  NMA cnfurtionfoud
[    00000]Fakig a node at [mem 0x000000000-0x00003ffeff][    0.000] NO_DA(0)alcaed [me0xfeb0000xfefff]
  0.0000] vm-lo: Usg srs 4b564d01 and 4b564d00
[    0.000000] kvm-clock: cpu 0,ms 0:3ffe001 priary cpu clock
[    0.000000] kvm-clock: using sched offset of 35871473 cycles
[    0.00000] locksource: kvm-clock: mask: 0xffffffffffffffff max_cycles: 0x1cd42e4dffb, max_idle_ns: 881590591483 ns
[    0.000000] Zone ranges:
[    0.000000]   DMA      [mem 0x0000000000001000-0x0000000000ffffff]
[    0.000000]   DMA32    [mem 0x0000000001000000-0x000000003ffeffff]
[    0.000000]   Normal   empty
[    0.000000]   Device   empty
[    0.000000] Movable zone tart for each node
[    0.000000] Early memory node ranges
[   0.000000]  ne  0:me0x00000000010-00000000efff]   0.0000]  node   0: [mem 0x000000000000-0x000000003ffeffff]
[    0.0000]nitmm et node [m 0x000000000100-0000003ffff]
[  000000] AI:M-Tir  Port: x48
[    00000] IAPIC[0]: api_id 2 version 32, address 0xfec00000, GSI 023
   0.000000ACI: INSROVR (s bus_irq 0 global_rq dl df)    0.000 ACP: T_RC_OVR (bus 0 s_q 9 loalrq 9owevel
[ing CP (DT) f S configraoninfortin
[   0.00000]smpbotAllowig CPs, 0holu CPUs[   0.0000 P: Regited noveemor: em0x000000x0000f]
[  .00000] PM Riser nave meor [em 0x09f0-0x00ff]
  0.0000] : egisrenosa mmory[mm 0x0a00-0x00eff
[    0.0000]PM Registednoave emy:[mem0x0f000-00ffff
[  0.00] e820[m 0x4000-0xbfff] aible foPCdevices    0.0000Bootg raviuazed kernelonVM
   0.0000]clcksour: fined-ffs: mk:xfffffff m_cycls:xfffff, x_idle_s:6451960215 ns[  0.000000] setup_percpu NCPS:2 _cpuask_it:512 _c_is:2 _ne_id1[   0.000]PEPU Embeded34 pges/puffff88003f000 9954 r8192 d31528 u104857
   0.00] PV qspinochah tab etries25(ordr:, 096 yt)
[  00000]Built  zolis in Noe rd, moily roupg .  Ttapaes: 2579
    .000] Pocyone:DM32
[  .00000Kenel mmd lie:OO_IMA=/ot/vliz-.4.027enerc otLABEL=ouimg-ootf rcosoe=tty csole=tS0
[  .000000] PID ash tablentes: 96orde 33276bys)
[  0.0000 Mor: 1168K/10412K avaiab (537K krn cde, 13 rdata, 00rodaa,15K int,31K bs 472K esve, K a-eserv)[  00000] UB HWaln=, Orde=0, inObjets, PUs=2, Node=1
[  0.0000 Kne/Ur ge tabs isoatn:enabed
[  0.0000] erarchicalCUmplemeaton.   0.000] Buil-te djusme o leaf ant o 64
  0.000000] 	RCU restricting CPUs from NR_CCPU51to nr_puds2.
[   0000] CU Ajuin gomryfor rcu_no_laf=6 n_cpu_ids=2
[    0.000000] NR_IRQ:33024 nr_irqs:440 16
[    0.000000] Console: colour VGA+ 80x25
[    0.000000] coso [tty ebled
[    000000] onle[ttyS0] enabled
[   00000] tsc: Detected 3096.000 MHz processor
[   23.566141] Calibrating delay loop (skipped) preset value.. 6192.00 BogoMIPS (lpj=12384000)
[   23.682555] pid_max: default: 32768 minimum: 301
[   23.732940] ACPI: Core revision 20150930
[   23.745159] ACPI: 2 ACPI AML tables successfully acquired and loaded
[   23.772140] Security Framework initialized
[   23.773356] Yama: becoming mindful.
[   23.796638] AppArmor: AppArmor initialized
[   23.798285] Dentry cache hash table entries: 131072 (order: 8, 1048576 bytes)
[   23.812491] Inode-cache hash table entries: 65536 (order: 7, 524288 bytes)
[   23.852850] Mount-cache hash table entries: 2048 (order: 2, 16384 bytes)
[   23.854613] Mountpoint-cache hash table entries: 2048 (order: 2, 16384 bytes)
[   23.902248] Initializing cgroup subsys io
[   23.956055] Initializing cgroup subsys memory
[   23.995925] Initializing cgroup subsys devices
[   24.000803] Initializing cgroup subsys freezer
[   24.052246] Initializing cgroup subsys net_cls
[   24.067113] Initializing cgroup subsys perf_event
[   24.074108] Initializing cgroup subsys net_prio
[   24.086498] Initializing cgroup subsys hugetlb
[   24.148338] Initializing cgroup subsys pids
[   24.166701] CPU: Physical Processor ID: 0
[   24.232102] CPU: Processor Core ID: 0
[   24.269810] mce: CPU supports 0 MCE banks
[   24.309909] Last level iTLB entries: 4KB 64, 2MB 8, 4MB 8
[   24.319907] Last level dTLB entries: 4KB 64, 2MB 0, 4MB 0, 1GB 4
[   24.344910] Spectre V2 : Mitigation: Full generic retpoline
[   24.352388] Spectre V2 : Speculation control IBPB not-supported IBRS not-supported
[   24.361173] Spectre V2 : Filling RSB on context switch
[   24.367113] Speculative Store Bypass: Vulnerable
[   24.384295] Freeing SMP alternatives memory: 32K
[   24.406351] ftrace: allocating 32237 entries in 126 pages
[   24.486669] smpboot: APIC(0) Converting physical 0 to logical package 0
[   24.507057] smpboot: Max logical packages: 1
[   24.536515] x2apic enabled
[   24.565538] Switched APIC routing to physical x2apic.
[   24.575160] ..TIMER: vector=0x30 apic1=0 pin1=2 apic2=-1 pin2=-1
[   24.744033] smpboot: CPU0: Intel(R) Core(TM) i5-7267U CPU @ 3.10GHz (family: 0x6, model: 0x8e, stepping: 0x9)
[   24.837035] Performance Events: unsupported p6 CPU model 142 no PMU driver, software events only.
[   24.883146] KVM setup paravirtual spinlock
[   24.950419] x86: Booting SMP configuration:
[   25.034465] .... node  #0, CPUs:      #1
[   25.093140] kvm-clock: cpu 1, msr 0:3ffe3041, secondary cpu clock
[   25.125533] mce: CPU supports 0 MCE banks
[   25.146900] x86: Booted up 1 node, 2 CPUs
[   25.186245] smpboot: Total of 2 processors activated (12384.00 BogoMIPS)
[   25.267720] devtmpfs: initialized
[   25.319803] evm: security.selinux
[   25.385028] evm: security.SMACK64
[   25.442531] evm: security.SMACK64EXEC
[   25.443995] evm: security.SMACK64TRANSMUTE
[   25.461758] evm: security.SMACK64MMAP
[   25.509006] evm: security.ima
[   25.541211] evm: security.capability
[   25.576547] clocksource: jiffies: mask: 0xffffffff max_cycles: 0xffffffff, max_idle_ns: 7645041785100000 ns
[   25.735155] futex hash table entries: 512 (order: 3, 32768 bytes)
[   25.756741] pinctrl core: initialized pinctrl subsystem
[   25.813579] RTC time: 19:50:55, date: 06/06/18
[   25.870863] NET: Registered protocol family 16
[   25.953786] cpuidle: using governor ladder
[   26.021598] cpuidle: using governor menu
[   26.064116] PCCT header not found.
[   26.112065] ACPI: bus type PCI registered
[   26.177836] acpiphp: ACPI Hot Plug PCI Controller Driver version: 0.5
[   26.260683] PCI: Using configuration type 1 for base access
[   26.363570] ACPI: Added _OSI(Module Device)
[   26.448656] ACPI: Added _OSI(Processor Device)
[   26.514737] ACPI: Added _OSI(3.0 _SCP Extensions)
[   26.580615] ACPI: Added _OSI(Processor Aggregator Device)
[   26.657681] ACPI: Executed 1 blocks of module-level executable AML code
[   26.740632] ACPI: Interpreter enabled
[   26.787459] ACPI: (supports S0 S5)
[   26.792824] ACPI: Using IOAPIC for interrupt routing
[   26.834228] PCI: Using host bridge windows from ACPI; if necessary, use "pci=nocrs" and report a bug
[   26.927504] ACPI: PCI Root Bridge [PCI0] (domain 0000 [bus 00-ff])
[   26.975911] acpi PNP0A03:00: _OSC: OS supports [ASPM ClockPM Segments MSI]
[   27.008108] acpi PNP0A03:00: _OSC: not requesting OS control; OS requires [ExtendedConfig ASPM ClockPM MSI]
[   27.082574] acpi PNP0A03:00: fail to add MMCONFIG information, can't access extended PCI configuration space under this bridge.
[   27.201906] PCI host bridge to bus 0000:00
[   27.240721] pci_bus 0000:00: root bus resource [io  0x0000-0x0cf7 window]
[   27.293193] pci_bus 0000:00: root bus resource [io  0x0d00-0xffff window]
[   27.378584] pci_bus 0000:00: root bus resource [mem 0x000a0000-0x000bffff window]
[   27.462887] pci_bus 0000:00: root bus resource [mem 0x40000000-0xfdffffff window]
[   27.564080] pci_bus 0000:00: root bus resource [bus 00-ff]
[   27.619157] pci 0000:00:01.1: legacy IDE quirk: reg 0x10: [io  0x01f0-0x01f7]
[   27.671131] pci 0000:00:01.1: legacy IDE quirk: reg 0x14: [io  0x03f6]
[   27.699042] pci 0000:00:01.1: legacy IDE quirk: reg 0x18: [io  0x0170-0x0177]
[   27.765278] pci 0000:00:01.1: legacy IDE quirk: reg 0x1c: [io  0x0376]
[   27.833518] pci 0000:00:07.0: quirk: [io  0x4000-0x403f] claimed by PIIX4 ACPI
[   27.933971] pci 0000:00:07.0: quirk: [io  0x4100-0x410f] claimed by PIIX4 SMB
[   28.027321] ACPI: PCI Interrupt Link [LNKA] (IRQs 5 9 10 *11)
[   28.084658] ACPI: PCI Interrupt Link [LNKB] (IRQs 5 9 *10 11)
[   28.166384] ACPI: PCI Interrupt Link [LNKC] (IRQs 5 *9 10 11)
[   28.246139] ACPI: PCI Interrupt Link [LNKD] (IRQs 5 9 10 *11)
[   28.267563] ACPI: Enabled 2 GPEs in block 00 to 07
[   28.346019] vgaarb: setting as boot device: PCI:0000:00:02.0
[   28.441749] vgaarb: device added: PCI:0000:00:02.0,decodes=io+mem,owns=io+mem,locks=none
[   28.576515] vgaarb: loaded
[   28.617919] vgaarb: bridge control possible 0000:00:02.0
[   28.678099] SCSI subsystem initialized
[   28.739711] ACPI: bus type USB registered
[   28.748609] usbcore: registered new interface driver usbfs
[   28.761592] usbcore: registered new interface driver hub
[   28.793944] usbcore: registered new device driver usb
[   28.846289] PCI: Using ACPI for IRQ routing
[   28.910361] NetLabel: Initializing
[   28.919356] NetLabel:  domain hash size = 128
[   28.979279] NetLabel:  protocols = UNLABELED CIPSOv4
[   29.066620] NetLabel:  unlabeled traffic allowed by default
[   29.140934] amd_nb: Cannot enumerate AMD northbridges
[   29.207627] clocksource: Switched to clocksource kvm-clock
[   291126]pprm: pAorilysm abd  298558 p: P PIni
[ 3026950]pnp:PnAC: un3 vis
[   30.741597] clocksource: acpi_pm: mask: 0xffffff max_cycles: 0xffffff, max_idle_ns: 2085701024 ns
[   30.753754] NET: Registered protocol family 2
[   30.791310] TCP established hash table entries: 8192 (order: 4, 65536 bytes)
[   30.909282] TCP bind hash table entries: 8192 (order: 5, 131072 bytes)
[   31.023106] TCP: Hash tables configured (established 8192 bind 8192)
[   31.079167] UDP hash table entries: 512 (order: 2, 16384 bytes)
[   31.105927] UDP-Lite hash table entries: 512 (order: 2, 16384 bytes)
[   31.138114] NET: Registered protocol family 1
[   31.200407] pci 0000:00:00.0: Limiting direct PCI/PCI transfers
[   31.249275] pci 0000:00:01.0: Activating ISA DMA hang workarounds
[   31.252976] Unpacking initramfs...
[   32.959880] Freeing initrd memory: 10872K
[   33.041411] platform rtc_cmos: registered platform RTC device (no PNP device found)
[   33.179368] Scanning for low memory corruption every 60 seconds
[   33.189422] audit: initializing netlink subsys (disabled)
[   33.270444] audit: type=2000 audit(1528314639.894:1): initialized
[   33.305852] Initialise system trusted keyring
[   33.322250] HugeTLB registered 2 MB page size, pre-allocated 0 pages
[   33.359942] zbud: loaded
[   33.376621] VFS: Disk quotas dquot_6.6.0
[   33.416721] VFS: Dquot-cache hash table entries: 512 (order 0, 4096 bytes)
[   33.442527] squashfs: version 4.0 (2009/01/31) Phillip Lougher
[   33.447589] fuse init (API version 7.23)
[   33.466487] Key type big_key registered
[   33.499787] Allocating IMA MOK and blacklist keyrings.
[   33.518961] Key type asymmetric registered
[   33.566510] Asymmetric key parser 'x509' registered
[   33.599390] Block layer SCSI generic (bsg) driver version 0.4 loaded (major 249)
[   33.650183] io scheduler noop registered
[   33.665031] io scheduler deadline registeeed (default)
[   33.731955] io scheduler cfq registered
[   33.744243] pci_hotplug: PCI Hot Plug PCI Core version: 0.5
[   33.747846] pciehp: PCI Express Hot Plug Controller Driver version: 0.4
[   33.760192] ACPI: AC Adapter [AC] (on-line)
[   33.761514] input: Power Button as /devices/LNXSYSTM:00/LNXPWRBN:00/input/input0
[   33.768357] ACPI: Power Button [PWRF]
[   33.772663] input: Sleep Button as /devices/LNXSYSTM:00/LNXSLPBN:00/input/input1
[   33.781280] ACPI: Sleep Button [SLPF]
[   33.787969] GHES: HEST is not enabled!
[   33.789300] ACPI: Battery Slot [BAT0] (battery present)
[   33.832051] Serial: 8250/16550 driver, 32 ports, IRQ sharing enabled
[   33.948700] 00:02: ttyS0 at I/O 0x3f8 (irq = 4, base_baud = 115200) is a 16550A
[   34.083483] tsc: Refined TSC clocksource calibration: 3096.940 MHz
[   34.148038] clocksource: tsc: mask: 0xffffffffffffffff max_cycles: 0x2ca3fd05679, max_idle_ns: 440795338850 ns
[ 34.28566] Linuxagarinercev003
[   34.712911] loop: module loaded
[   34.745174] scsi host0: ata_piix
[   34.746482] scsi host1: ata_piix
[   34.749104] ata1: PATA max UDMA/33 cmd 0x1f0 ctl 0x3f6 bmdma 0xd000 irq 14
[   34.761354] ata2: PATA max UDMA/33 cmd 0x170 ctl 0x376 bmdma 0xd008 irq 15
[   34.763917] libphy: Fixed MDIO Bus: probed
[   34.781633] tun: Universal TUN/TAP device driver, 1.6
[   34.792335] tun: (C) 1999-2004 Max Krasnyansky <maxk@qualcomm.com>
[   34.882522] PPP generic driver version 2.4.2
[   34.958984] ehci_hcd: USB 2.0 'Enhanced' Host Controller (EHCI) Driver
[   35.025611] ehci-pci: EHCI PCI platform driver
[   35.082269] ehci-platform: EHCI generic platform driver
[   35.108339] ohci_hcd: USB 1.1 'Open' Host Controller (OHCI) Driver
[   35.211401] ohci-pci: OHCI PCI platform driver
[   35.263679] ohci-platform: OHCI generic platform driver
[   35.311561] uhci_hcd: USB Universal Host Controller Interface driver
[   35.390844] i8042: PNP: PS/2 Controller [PNP0303:PS2K,PNP0f03:PS2M] at 0x60,0x64 irq 1,12
[   35.478788] serio: i8042 KBD port at 0x60,0x64 irq 1
[   35.507873] serio: i8042 AUX port at 0x60,0x64 irq 12
[   35.527827] mousedev: PS/2 mouse device common for all mice
[   5.39] np:  Tnste S 2eyaras /devices/plfo/i04seo0/input/input2
[   36.348738] rtc_cmos rtc_cmos: rtc core: registered rtc_cmos as rtc0
[   36.348811] rtc_cmos rtc_cmos: alarms up to one day, 114 bytes nvram
[   36.348821] i2c /dev entries driver
[   36.348884] device-mapper: uevent: version 1.0.3
[   36.348940] device-mapper: ioctl: 4.34.0-ioctl (2015-10-28) initialised: dm-devel@redhat.com
[   36.348960] ledtrig-cpu: registered to indicate activity on CPUs
[   36.349414] NET: Registered protocol family 10
[   36.349585] NET: Registered protocol family 17
[   36.349596] Key type dns_resolver registered
[   36.349788] registered taskstats version 1
[   36.349804] Loading compiled-in X.509 certificates
[   36.350307] Loaded X.509 cert 'Build time autogenerated kernel key: 9f6f572a3ee0cb468eb8db4aa61815bc74ef6adb'
[   36.350322] zswap: loaded using pool lzo/zbud
[   36.352044] Key type trusted registered
[   36.354553] Key type encrypted registered
[   36.354559] AppArmor: AppArmor sha1 policy hashing enabled
[   36.354562] ima: No TPM chip found, activating TPM-bypass!
[   36.354577] evm: HMAC attrs: 0x1
[   36.354863]   Magic number: 6:254:849
[   36.354872]  index1: hash matches
[   36.354873]  index1: hash matches
[   36.354886] graphics fbcon: hash matches
[   36.364543] rtc_cmos rtc_cmos: setting system clock to 2018-06-06 19:51:05 UTC (1528314665)
[   36.364662] BIOS EDD facility v0.16 2004-Jun-25, 0 devices found
[   36.364662] EDD information not available.
[   37.977608] Freeing unused kernel memory: 1512K
[   37.998904] Write protecting the kernel read-only data: 14336k
[   38.072076] Freeing unused kernel memory: 1692K
[   38.131168] Freeing unused kernel memory: 96K
Loading, please wait...
[   38.196858] random: systemd-udevd: uninitialized urandom read (16 bytes read, 7 bits of entropy available)
starting version[   38.197403] random: udevadm: uninitialized urandom read (16 bytes read, 7 bits of entropy available)
 229
[   38.197501] random: udevadm: uninitialized urandom read (16 bytes read, 7 bits of entropy available)
[   38.209564] random: udevadm: uninitialized urandom read (16 bytes read, 7 bits of entropy available)
[   38.209609] random: udevadm: uninitialized urandom read (16 bytes read, 7 bits of entropy available)
[   38.209761] random: udevadm: uninitialized urandom read (16 bytes read, 7 bits of entropy available)
[   38.209819] random: udevadm: uninitialized urandom read (16 bytes read, 7 bits of entropy available)
[   38.209875] random: udevadm: uninitialized urandom read (16 bytes read, 7 bits of entropy available)
[   38.209933] random: udevadm: uninitialized urandom read (16 bytes read, 7 bits of entropy available)
[   38.209987] random: udevadm: uninitialized urandom read (16 bytes read, 7 bits of entropy available)
[   38.823386] e1000: Intel(R) PRO/1000 Network Driver - version 7.3.21-k8-NAPI
[   38.839005] e1000: Copyright (c) 1999-2006 Intel Corporation.
[   38.892078] Fusion MPT base driver 3.04.20
[   38.930484] Copyright (c) 1999-2008 LSI Corporation
[   39.024052] AVX2 version of gcm_enc/dec engaged.
[   39.034209] AES CTR mode by8 optimization enabled
[   39.050935] Fusion MPT SPI Host driver 3.04.20
[   39.230436] input: ImExPS/2 Generic Explorer Mouse as /devices/platform/i8042/serio1/input/input4
[   39.537169] e1000 0000:00:03.0 eth0: (PCI:33MHz:32-bit) 02:ff:33:8f:0e:5d
[   39.566181] e1000 0000:00:03.0 eth0: Intel(R) PRO/1000 Network Connection
[   39.583536] mptbase: ioc0: Initiating bringup
[   39.583883] e1000 0000:00:03.0 enp0s3: renamed from eth0
[   40.243692] ioc0: LSI53C1030 A0: Capabilities={Initiator}
[   41.351428] scsi host2: ioc0: LSI53C1030 A0, FwRev=00000000h, Ports=1, MaxQ=256, IRQ=20
[   43.401675] scsi 2:0:0:0: Direct-Access     VBOX     HARDDISK         1.0  PQ: 0 ANSI: 5
[   43.560855] scsi target2:0:0: Beginning Domain Validation
[   43.639397] scsi target2:0:0: Domain Validation skipping write tests
[   45.036250] scsi target2:0:0: Ending Domain Validation
[   45.038916] scsi target2:0:0: asynchronous
[   45.082459] scsi 2:0:1:0: Direct-Access     VBOX     HARDDISK         1.0  PQ: 0 ANSI: 5
[   45.154040] scsi target2:0:1: Beginning Domain Validation
[   45.673250] scsi target2:0:1: Domain Validation skipping write tests
[   46.131778] scsi target2:0:1: Ending Domain Validation
[   46.219558] scsi target2:0:1: asynchronous
[   46.272636] sd 2:0:0:0: Attached scsi generic sg0 type 0
[   46.345434] sd 2:0:0:0: [sda] 20971520 512-byte logical blocks: (10.7 GB/10.0 GiB)
[   46.345743] sd 2:0:1:0: [sdb] 20480 512-byte logical blocks: (10.5 MB/10.0 MiB)
[   46.345960] sd 2:0:1:0: [sdb] Write Protect is off
[   46.346081] sd 2:0:1:0: [sdb] Incomplete mode parameter data
[   46.346082] sd 2:0:1:0: [sdb] Assuming drive cache: write through
[   46.500452] sd 2:0:1:0: Attached scsi generic sg1 type 0
[   46.503985] sd 2:0:1:0: [sdb] Attached SCSI disk
[   46.761023] sd 2:0:0:0: [sda] Write Protect is off
[   46.762508] sd 2:0:0:0: [sda] Incomplete mode parameter data
[   46.764164] sd 2:0:0:0: [sda] Assuming drive cache: write through
[   46.790755]  sda: sda1
[   46.833541] sd 2:0:0:0: [sda] Attached SCSI disk
Begin: Loading e[   48.209472] md: linear personality registered for level -1
ssential drivers[   48.331868] md: multipath personality registered for level -4
 ... [   48.396036] md: raid0 personality registered for level 0
[   48.443289] md: raid1 personality registered for level 1
[   48.567691] raid6: sse2x1   gen() 11058 MB/s
[   48.714950] raid6: sse2x1   xor()  8424 MB/s
[   48.811894] raid6: sse2x2   gen() 12155 MB/s
[   48.887739] raid6: sse2x2   xor()  5734 MB/s
[   48.972189] raid6: sse2x4   gen() 15463 MB/s
[   49.107677] raid6: sse2x4   xor() 10380 MB/s
[   49.251811] raid6: avx2x1   gen() 22307 MB/s
[   49.387997] raid6: avx2x2   gen() 25993 MB/s
[   49.547739] raid6: avx2x4   gen() 28193 MB/s
[   49.586619] raid6: using algorithm avx2x4 gen() 28193 MB/s
[   49.679307] raid6: using avx2x2 recovery algorithm
[   49.720304] xor: automatically using best checksumming function:
[   49.788216]    avx       : 21412.000 MB/sec
[   49.875604] async_tx: api initialized (async)
[   49.949119] md: raid6 personality registered for level 6
[   49.987953] md: raid5 personality registered for level 5
[   50.041128] md: raid4 personality registered for level 4
[   50.088151] md: raid10 personality registered for level 10
done.
Begin: Running /scripts/init-p[   50.191299] Btrfs loaded
remount ... done.
Begin: Mounting root file system ... Begin: Running /scripts/local-top ... done.
Begin: Runn[   50.294294] EXT4-fs (sda1): mounted filesystem with ordered data mode. Opts: (null)
ing /scripts/local-premount ... Scanning for Btrfs filesystems
done.
Warning: fsck not present, so skipping root file system
done.
Begin: Running /scripts/local-bottom ... done.
Begin: Running /scripts/init-bottom ... done.
[   50.573993] systemd[1]: systemd 229 running in system mode. (+PAM +AUDIT +SELINUX +IMA +APPARMOR +SMACK +SYSVINIT +UTMP +LIBCRYPTSETUP +GCRYPT +GNUTLS +ACL +XZ -LZ4 +SECCOMP +BLKID +ELFUTILS +KMOD -IDN)
[   50.762972] systemd[1]: Detected virtualization oracle.
[   50.783754] systemd[1]: Detected architecture x86-64.

Welcome to [1mUbuntu 16.04.4 LTS[0m!

[   50.809651] systemd[1]: Set hostname to <ubuntu>.
[   50.900810] systemd[1]: Initializing machine ID from random generator.
[   50.990899] systemd[1]: Installed transient /etc/machine-id file.
[   51.237382] random: nonblocking pool is initialized
[   51.340796] systemd[1]: Listening on LVM2 poll daemon socket.
[[0;32m  OK  [0m] Listening on LVM2 poll daemon socket.
[   51.472861] systemd[1]: Reached target User and Group Name Lookups.
[[0;32m  OK  [0m] Reached target User and Group Name Lookups.
[   51.591274] systemd[1]: Listening on Journal Socket.
[[0;32m  OK  [0m] Listening on Journal Socket.
[   51.729126] systemd[1]: Created slice System Slice.
[[0;32m  OK  [0m] Created slice System Slice.
[   51.792382] systemd[1]: Starting Uncomplicated firewall...
         Starting Uncomplicated firewall...
[   51.901186] systemd[1]: Starting Create list of required static device nodes for the current kernel...
         Starting Create list of required st... nodes for the current kernel...
[   52.027349] systemd[1]: Listening on Journal Audit Socket.
[[0;32m  OK  [0m] Listening on Journal Audit Socket.
[   52.120976] systemd[1]: Created slice User and Session Slice.
[[0;32m  OK  [0m] Created slice User and Session Slice.
[   52.208196] systemd[1]: Mounting Debug File System...
         Mounting Debug File System...
[   52.256414] systemd[1]: Mounting Huge Pages File System...
         Mounting Huge Pages File System...
[   52.388218] systemd[1]: Starting Load Kernel Modules...
[   52.4195 Ldi iSIrapo css2.87.
         Startin[   52.953706] iscsi: registered transport (tcp)
g Load Kernel Modules...
[   53.062460] iscsi: registered transport (iser)
[   54.132915] systemd[1]: Starting Nameserver information manager...
         Starting Nameserver information manager...
[   54.232108] systemd[1]: Reached target System Time Synchronized.
[[0;32m  OK  [0m] Reached target System Time Synchronized.
[   54.316550] systemd[1]: Listening on /dev/initctl Compatibility Named Pipe.
[[0;32m  OK  [0m] Listening on /dev/initctl Compatibility Named Pipe.
[   54.417380] systemd[1]: Reached target Encrypted Volumes.
[[0;32m  OK  [0m] Reached target Encrypted Volumes.
[   54.443620] systemd[1]: Listening on Journal Socket (/dev/log).
[[0;32m  OK  [0m] Listening on Journal Socket (/dev/log).
[   54.484081] systemd[1]: Mounting POSIX Message Queue File System...
         Mounting POSIX Message Queue File System...
[   54.584347] systemd[1]: Listening on Syslog Socket.
[[0;32m  OK  [0m] Listening on Syslog Socket.
[   54.666643] systemd[1]: Started Forward Password Requests to Wall Directory Watch.
[[0;32m  OK  [0m] Started Forward Password Requests to Wall Directory Watch.
[   54.754589] systemd[1]: Reached target Slices.
[[0;32m  OK  [0m] Reached target Slices.
[   54.760533] systemd[1]: Reached target Swap.
[[0;32m  OK  [0m] Reached target Swap.
[   54.763240] systemd[1]: Started Trigger resolvconf update for networkd DNS.
[[0;32m  OK  [0m] Started Trigger resolvconf update for networkd DNS.
[   54.771327] systemd[1]: Listening on Device-mapper event daemon FIFOs.
[[0;32m  OK  [0m] Listening on Device-mapper event daemon FIFOs.
[   54.792356] systemd[1]: Starting Journal Service...
         Starting Journal Service...
[   54.810736] systemd[1]: Starting Remount Root and Kernel File Systems...
         Startin[   54.820236] EXT4-fs (sda1): re-mounted. Opts: (null)
g Remount Root and Kernel File Systems...
[   54.912438] systemd[1]: Set up automount Arbitrary Executable File Formats File System Automount Point.
[[0;32m  OK  [0m] Set up automount Arbitrary Executab...ats File System Automount Point.
[   55.110698] systemd[1]: Listening on LVM2 metadata daemon socket.
[[0;32m  OK  [0m] Listening on LVM2 metadata daemon socket.
[   55.292049] systemd[1]: Starting Monitoring of LVM2 mirrors, snapshots etc. using dmeventd or progress polling...
         Starting Monitoring of LVM2 mirrors... dmeventd or progress polling...
[   55.436680] systemd[1]: Starting Set console keymap...
         Starting Set console keymap...
[   55.520292] systemd[1]: Listening on udev Control Socket.
[[0;32m  OK  [0m] Listening on udev Control Socket.
[   55.656539] systemd[1]: Created slice system-serial\x2dgetty.slice.
[[0;32m  OK  [0m] Created slice system-serial\x2dgetty.slice.
[   55.763130] systemd[1]: Listening on udev Kernel Socket.
[[0;32m  OK  [0m] Listening on udev Kernel Socket.
[   55.805400] systemd[1]: Mounted POSIX Message Queue File System.
[[0;32m  OK  [0m] Mounted POSIX Message Queue File System.
[   55.900332] systemd[1]: Mounted Debug File System.
[[0;32m  OK  [0m] Mounted Debug File System.
[   56.012129] systemd[1]: Mounted Huge Pages File System.
[[0;32m  OK  [0m] Mounted Huge Pages File System.
[   56.096432] systemd[1]: Started Journal Service.
[[0;32m  OK  [0m] Started Journal Service.
[[0;32m  OK  [0m] Started Uncomplicated firewall.
[[0;32m  OK  [0m] Started Create list of required sta...ce nodes for the current kernel.
[[0;32m  OK  [0m] Started Load Kernel Modules.
[[0;32m  OK  [0m] Started Remount Root and Kernel File Systems.
[[0;32m  OK  [0m] Started Set console keymap.
[[0;32m  OK  [0m] Started Nameserver information manager.
[[0;32m  OK  [0m] Started LVM2 metadata daemon.
         Starting udev Coldplug all Devices...
         Starting Load/Save Random Seed...
         Mounting FUSE Control File System...
         Starting Apply Kernel Variables...
         Starting Create Static Device Nodes in /dev...
         Starting Flush Journal to Persistent Storage...
[[0;32m  OK  [0m] Mounted FUSE Control File System.
[[0;32m  OK  [0m] Started Load/Save Random Seed.
[[0;32m  OK  [0m] Started Apply Kernel Variables.
[[0;32m  OK  [0m] Started Monitoring of LVM2 mirrors,...ng dmeventd or progress polling.
[[0;32m  OK  [0m] Started Create Static Device Nodes in /dev.
[[0;32m  OK  [0m] Started udev Coldplug all Devices.
[[0;32m  OK  [0m] Started Flush Journal to Persistent Storage.
         Starting udev Kernel Device Manager...
[[0;32m  OK  [0m] Started udev Kernel Device Manager.
[[0;32m  OK  [0m] Started Dispatch Password Requests to Console Directory Watch.
[[0;32m  OK  [0m] Reached target Local File Systems (Pre).
[[0;32m  OK  [0m] Reached target Local File Systems.
         Starting Set console font and keymap...
         Starting Tell Plymouth To Write Out Runtime Data...
         Starting Create Volatile Files and Directories...
         Starting Initial cloud-init job (pre-networking)...
         Starting LSB: AppArmor initialization...
         Starting Commit a transient machine-id on disk...
[[0;32m  OK  [0m] Started Tell Plymouth To Write Out Runtime Data.
[[0;32m  OK  [0m] Started Create Volatile Files and Directories.
[[0;32m  OK  [0m] Started Set console font and keymap.
[[0;32m  OK  [0m] Started Commit a transient machine-id on disk.
[[0;32m  OK  [0m] Found device /dev/ttyS0.
[[0;32m  OK  [0m] Listening on Load/Save RF Kill Switch Status /dev/rfkill Watch.
[[0;32m  OK  [0m] Created slice system-getty.slice.
         Starting Update UTMP about System Boot/Shutdown...
[[0;32m  OK  [0m] Started Update UTMP about System Boot/Shutdown.
[   30.545049] cloud-init[632]: Cloud-init v. 18.2 running 'init-local' at Wed, 06 Jun 2018 19:51:27 +0000. Up 30.14 seconds.
[[0;32m  OK  [0m] Started Initial cloud-init job (pre-networking).
[[0;32m  OK  [0m] Reached target Network (Pre).
[[0;32m  OK  [0m] Started LSB: AppArmor initialization.
         Starting Raise network interfaces...
[[0;32m  OK  [0m] Started Raise network interfaces.
[[0;32m  OK  [0m] Reached target Network.
         Starting Initial cloud-init job (metadata service crawler)...
[   32.045688] cloud-init[951]: Cloud-init v. 18.2 running 'init' at Wed, 06 Jun 2018 19:51:29 +0000. Up 31.45 seconds.
[   32.161405] cloud-init[951]: ci-info: +++++++++++++++++++++++++++++++++++++Net device info+++++++++++++++++++++++++++++++++++++
[   32.162340] [cloud-init[0;32m  OK  [0m[951]: ] ci-info: +--------+------+---------------------------+---------------+-------+-------------------+Started Initial cloud-init job (metadata service crawler).

[   32.162541] cloud-init[951]: ci-info: | Device |  Up  |          Address          |      Mask     | Scope |     Hw-Address    |
[   32.409607] cloud-init[951]: ci-info: +--------+------+---------------------------+---------------+-------+-------------------+
[   32.410020] cloud-init[951]: ci-info: | enp0s3 | True |         10.0.2.15         | 255.255.255.0 |   .   | 02:ff:33:8f:0e:5d |
[[0;32m  OK  [0m] Reached target Network is Online.
[   32.410450] cloud-init[951]: ci-info: | enp0s3 | True | fe80::ff:33ff:fe8f:e5d/64 |       .       |  link | 02:ff:33:8f:0e:5d |
[   32.889972] cloud-init[951]: ci-info: |   lo   | True |         127.0.0.1         |   255.0.0.0   |   .   |         .         |
         Starting iSCSI initiator daemon (iscsid)...
[[0;32m  OK  [0m] Reached target System Initialization.
[   33.039829] cloud-init[951]: ci-info: |   lo   | True |          ::1/128          |       .       |  host |         .         |
[   33.329388] cloud-init[951]: ci-info: +--------+------+---------------------------+---------------+-------+-------------------+
[[0;32m  OK  [0m] Started Daily apt download activities.
[[0;32m  OK  [0m] Listening on D-Bus System Message Bus Socket.
[   33.474338] cloud-init[951]: ci-info: +++++++++++++++++++++++++++Route IPv4 info++++++++++++++++++++++++++++
[   33.720714] cloud-init[951]: ci-info: +-------+-------------+----------+---------------+-----------+-------+
[[0;32m  OK  [0m] Started Daily Cleanup of Temporary Directories.
[   33.795000] cloud-init[951]: ci-info: | Route | Destination | Gateway  |    Genmask    | Interface | Flags |
[   33.940991] cloud-init[951]: ci-info: +-------+-------------+----------+---------------+-----------+-------+
         Starting LXD - unix socket.
         Starting Socket activation for snappy daemon.
[   34.083547] cloud-init[951]: ci-info: |   0   |   0.0.0.0   | 10.0.2.2 |    0.0.0.0    |   enp0s3  |   UG  |
[   34.840068] cloud-init[951]: ci-info: |   1   |   10.0.2.0  | 0.0.0.0  | 255.255.255.0 |   enp0s3  |   U   |
[[0;32m  OK  [0m] Listening on UUID daemon activation socket.
[   34.918953] cloud-init[951]: ci-info: +-------+-------------+----------+---------------+-----------+-------+
[   35.475481] [[0;32m  OK  [0m] Started ACPI Events Check.
[[0;32m  OK  [0m] Reached target Paths.
[[0;32m  OK  [0m] Started Daily apt upgrade and clean activities.
[[0;32m  OK  [0m] Reached target Timers.
[[0;32m  OK  [0m] Listening on ACPID Listen Socket.
[[0;32m  OK  [0m] Reached target Cloud-config availability.
cloud-init[951]: Generating public/private rsa key pair.
[   35.867365] cloud-init[951]: Your identification has been saved in /etc/ssh/ssh_host_rsa_key.
[[0;32m  OK  [0m] Listening on LXD - unix socket.
[   35.947327] cloud-init[951]: Your public key has been saved in /etc/ssh/ssh_host_rsa_key.pub.
[   36.036635] cloud-init[951]: The key fingerprint is:
[[0;32m  OK  [0m] Listening on Socket activation for snappy daemon.
[[0;32m  OK  [0m] Started iSCSI initiator daemon (iscsid).
[   36.071707] cloud-init[951]: SHA256:W21QmXX6XWRREt9VdxoxlbDvjfiZ6+IEalaD3KgnpzI root@ubuntu-xenial
[   36.248902] cloud-init[951]: The key's randomart image is:
[   36.324736] cloud-init[951]: +---[RSA 2048]----+
[   36.392966] cloud-init[951]: |            .=O=/|
         Starting Login to default iSCSI targets...
[[0;32m  OK  [0m] Reached target Sockets.
[   36.469988] cloud-init[951]: |           .o .%=|
[   36.660802] cloud-init[951]: |          .  .o +|
[   36.733853] cloud-init[951]: |       . + o  ..o|
[[0;32m  OK  [0m] Reached target Basic System.
[   36.783123] cloud-init[951]: |        S * o  .o|
[   36.809583] cloud-init[951]: |       . = + ....|
[   36.844782] cloud-init[951]: |      o B   o ...|
         Starting /etc/rc.local Compatibility...
[   36.867170] cloud-init[951]: |    E  B   ... o |
         Starting LSB: Record successful boot for GRUB...
[   36.939581] cloud-init[951]: |     o.    ..o*. |
         Starting Login Service...
[   37.011735] cloud-init[951]: +----[SHA256]-----+
         Starting LSB: MD monitoring daemon...
[   37.299130] cloud-init[951]: Generating public/private dsa key pair.
[[0;32m  OK  [0m] Started Regular background program processing daemon.
[[0;32m  OK  [0m] Started Unattended Upgrades Shutdown.
[   37.383312] cloud-init[951]: Your identification has been saved in /etc/ssh/ssh_host_dsa_key.
[   37.536701] cloud-init[951]: Your public key has been saved in /etc/ssh/ssh_host_dsa_key.pub.
[   37.588257] cloud-init[951]: The key fingerprint is:
[   37.589097] cloud-init[951]: SHA256:NytZlGzdk4imtKa3iQF8dO7cL7QFMCzcb7htFz1Sgmw root@ubuntu-xenial
[   37.589260] cloud-init[951]: The key's randomart image is:
[   37.589329] cloud-init[951]: +---[DSA 1024]----+
[   37.589523] cloud-init[951]: |     . o . .     |
[   37.589740] cloud-init[951]: |      o =.E+.o.. |
[   37.589904] cloud-init[951]: |      ..o*B o++  |
[   37.590227] cloud-init[951]: |   . . +.*+ o o. |
[   37.590367] cloud-init[951]: |    o . S++. o . |
[   37.590468] cloud-init[951]: |     o =.=+oo    |
[   37.590600] cloud-init[951]: |      o *oo+     |
[   37.590865] cloud-init[951]: |       + +o.     |
[   37.590964] cloud-init[951]: |      . o  ..    |
[   37.591125] cloud-init[951]: +----[SHA256]-----+
[   37.591229] cloud-init[951]: Generating public/private ecdsa key pair.
[   37.591302] cloud-init[951]: Your identification has been saved in /etc/ssh/ssh_host_ecdsa_key.
[   37.591451] cloud-init[951]: Your public key has been saved in /etc/ssh/ssh_host_ecdsa_key.pub.
[   37.591604] cloud-init[951]: The key fingerprint is:
[   37.591784] cloud-init[951]: SHA256:sg+OAlBno1UCXa56lDyeIndShdR7KCCvM5GZo+zjjk4 root@ubuntu-xenial
[   37.591951] cloud-init[951]: The key's randomart image is:
[[0;32m  OK  [0m] Started FUSE filesystem for LXC.
[   37.592242] cloud-init[951]: +---[ECDSA 256]---+
[   38.368470] cloud-init[951]: |  .oo+o          |
[   38.369215] cloud-init[951]: |. o.*+.          |
         Starting Pollinate to seed the pseudo random number generator...
[   38.369486] cloud-init[951]: | B *..oo         |
[   38.520547] cloud-init[951]: |B o..+o .        |
         Starting Virtualbox guest utils...
[   38.521159] cloud-init[951]: |++  B...S        |
[   38.546098] cloud-init[951]: |*. = o o         |
[   38.546789] cloud-init[951]: |oE= = o          |
[[0;32m  OK  [0m] Started Deferred execution scheduler.
[   38.547421] cloud-init[951]: |o=.= o o         |
[   38.642596] cloud-init[951]: |=+... . .        |
[   38.651379] cloud-init[951]: +----[SHA256]-----+
[   38.652419] cloud-init[951]: Generating public/private ed25519 key pair.
         Starting Apply the settings specified in cloud-config...
[   38.653129] cloud-init[951]: Your identification has been saved in /etc/ssh/ssh_host_ed25519_key.
[   38.767540] cloud-init[951]: Your public key has been saved in /etc/ssh/ssh_host_ed25519_key.pub.
[   38.791158] cloud-init[951]: The key fingerprint is:
[   38.791698] cloud-init[951]: SHA256:hAi91PszWfdMnhhBowsQsiXUlF1c0LwJdOM6HTjsHCM root@ubuntu-xenial
[   38.791934] cloud-init[951]: The key's randomart image is:
[   38.792508] cloud-init[951]: +--[ED25519 256]--+
[   38.792789] cloud-init[951]: |  .o++=+ ++**    |
[   38.793068] cloud-init[951]: |   .o*+o..o=+o   |
[   38.793814] cloud-init[951]: |   .o...E B.o+   |
[   38.794285] cloud-init[951]: |    . .. =.B=..  |
[   38.794759] cloud-init[951]: |       .So*..B . |
[[0;32m  OK  [0m] Started D-Bus System Message Bus.
[   38.795847] cloud-init[951]: |        =  .. =  |
         Starting Accounts Service...
[   38.996857] cloud-init[951]: |         o       |
[   39.064955] cloud-init[951]: |                 |
[   39.065537] cloud-init[951]: |                 |
         Starting System Logging Service...
[   39.065763] cloud-init[951]: +----[SHA256]-----+
         Starting Snappy daemon...
[[0;32m  OK  [0m] Started ACPI event daemon.
         Starting LXD - container startup/shutdown...
[[0;32m  OK  [0m] Started System Logging Service.
[[0;32m  OK  [0m] Started /etc/rc.local Compatibility.
[[0;32m  OK  [0m] Started LXD - container startup/shutdown.
[[0;32m  OK  [0m] Started Snappy daemon.
[[0;32m  OK  [0m] Started Login to default iSCSI targets.
[[0;32m  OK  [0m] Started LSB: Record successful boot for GRUB.
[[0;32m  OK  [0m] Started LSB: MD monitoring daemon.
[   39.598538] cloud-init[1120]: Generating locales (this might take a while)...
[[0;32m  OK  [0m] Started Login Service.
         Starting Authenticate and Authorize Users to Run Privileged Tasks...
[[0;32m  OK  [0m] Reached target Remote File Systems (Pre).
[[0;32m  OK  [0m] Reached target Remote File Systems.
         Starting LSB: automatic crash report generation...
         Starting Permit User Sessions...
         Starting LSB: daemon to balance interrupts for SMP systems...
         Starting LSB: Set the CPU Frequency Scaling governor to "ondemand"...
         Starting Wait until snapd is fully seeded...
[[0;32m  OK  [0m] Started Pollinate to seed the pseudo random number generator.
[[0;32m  OK  [0m] Started Virtualbox guest utils.
[[0;32m  OK  [0m] Started Permit User Sessions.
[[0;32m  OK  [0m] Started Authenticate and Authorize Users to Run Privileged Tasks.
[[0;32m  OK  [0m] Started Accounts Service.
[[0;32m  OK  [0m] Started LSB: automatic crash report generation.
         Starting Terminate Plymouth Boot Screen...
         Starting Hold until boot process finishes up...
         Starting OpenBSD Secure Shell server...
[[0;32m  OK  [0m] Started OpenBSD Secure Shell server.
[[0;32m  OK  [0m] Started LSB: daemon to balance interrupts for SMP systems.
[[0;32m  OK  [0m] Started LSB: Set the CPU Frequency Scaling governor to "ondemand".
[[0;32m  OK  [0m] Started Terminate Plymouth Boot Screen.
[[0;32m  OK  [0m] Started Hold until boot process finishes up.
[[0;32m  OK  [0m] Created slice User Slice of vagrant.
         Starting User Manager for UID 1000...
[[0;32m  OK  [0m] Started Session 1 of user vagrant.
[   40.788855] cloud-init[1120]:   en_US.UTF-8... done
         Starting Set console scheme...
[   40.789615] cloud-init[1120]: Generation complete.
[[0;32m  OK  [0m] Started Serial Getty on ttyS0.
[[0;32m  OK  [0m] Started Getty on tty1.
[[0;32m  OK  [0m] Reached target Login Prompts.
[[0;32m  OK  [0m] Started User Manager for UID 1000.
[[0;32m  OK  [0m] Started Set console scheme.
[   41.157489] cloud-init[1120]: Cloud-init v. 18.2 running 'modules:config' at Wed, 06 Jun 2018 19:51:36 +0000. Up 39.17 seconds.
[[0;32m  OK  [0m] Started Apply the settings specified in cloud-config.
[[0;32m  OK  [0m] Started Session 2 of user vagrant.
         Stopping User Manager for UID 1000...
[[0;32m  OK  [0m] Stopped User Manager for UID 1000.
[[0;32m  OK  [0m] Removed slice User Slice of vagrant.
[[0;32m  OK  [0m] Started Wait until snapd is fully seeded.
[[0;32m  OK  [0m] Reached target Multi-User System.
[[0;32m  OK  [0m] Reached target Graphical Interface.
         Starting Update UTMP about System Runlevel Changes...
         Starting Execute cloud user/final scripts...
[[0;32m  OK  [0m] Started Update UTMP about System Runlevel Changes.
ci-info: no authorized ssh keys fingerprints found for user ubuntu.
<14>Jun  6 19:51:43 ec2: 
<14>Jun  6 19:51:43 ec2: #############################################################
<14>Jun  6 19:51:43 ec2: -----BEGIN SSH HOST KEY FINGERPRINTS-----
<14>Jun  6 19:51:43 ec2: 1024 SHA256:NytZlGzdk4imtKa3iQF8dO7cL7QFMCzcb7htFz1Sgmw root@ubuntu-xenial (DSA)
<14>Jun  6 19:51:43 ec2: 256 SHA256:sg+OAlBno1UCXa56lDyeIndShdR7KCCvM5GZo+zjjk4 root@ubuntu-xenial (ECDSA)
<14>Jun  6 19:51:43 ec2: 256 SHA256:hAi91PszWfdMnhhBowsQsiXUlF1c0LwJdOM6HTjsHCM root@ubuntu-xenial (ED25519)
<14>Jun  6 19:51:43 ec2: 2048 SHA256:W21QmXX6XWRREt9VdxoxlbDvjfiZ6+IEalaD3KgnpzI root@ubuntu-xenial (RSA)
<14>Jun  6 19:51:43 ec2: -----END SSH HOST KEY FINGERPRINTS-----
<14>Jun  6 19:51:43 ec2: #############################################################
-----BEGIN SSH HOST KEY KEYS-----
ecdsa-sha2-nistp256 AAAAE2VjZHNhLXNoYTItbmlzdHAyNTYAAAAIbmlzdHAyNTYAAABBBHEpEAT0gQixKVrsahN4IUpP9MLV+fTwxDcrU5vGmVlg2iwcuGpkq1eZRbS7Sdbl80axKAXOpW1ITMwg9Bm2cXQ= root@ubuntu-xenial
ssh-ed25519 AAAAC3NzaC1lZDI1NTE5AAAAIKPQoy8bBpiRIFkRly+b9WFeFv51HvEgD5UzxOT5W72t root@ubuntu-xenial
ssh-rsa AAAAB3NzaC1yc2EAAAADAQABAAABAQCzMRSTqPx3k9xX3lvKSYkGFdcpkfYC36oI9u16M4dEIPSRdx4P+vhorqR8yrVFVMSD2klgItxCT4ioF3yD7BI7Y0C3aB6NgtRRHKAWn4kzEXWevik3ELf0OqFWq1IcgoWp6pMWJ91Z8sIuuqMdWn9nlU+qEMwt9OwyTlnmTvUNWG4TJoJU7cZx1nbdf/XnY6BR74LlMWQpVZ/8RNdkD5IAWxqJk/xQvgNQkxpZRGM+tAvhlbBRl+//WHuDziENftLmBxN6kXgAT2XJy+McTzmz2iO+J6e2YHegPc01EleCY7aRLI6Z1rsuHuxNl8KezB3K0UB8L0pp/7FcM/Pdrk45 root@ubuntu-xenial
-----END SSH HOST KEY KEYS-----
[   47.215717] 
Ubuntu 16.04.4 LTS ubuntu-xenial ttyS0

ubuntu-xenial login: 